2025-05-23 01:16:23 - 开始自动上传到GitHub...
2025-05-23 01:16:23 - 运行RSS程序获取最新文章...
INFO:__main__:开始执行主函数
INFO:__main__:已加载 30 条下载记录
INFO:__main__:RSS源 https://rss.binbino.cn:88/feeds/all.atom 状态码: 200
INFO:__main__:RSS源内容预览: <?xml version="1.0" encoding="utf-8"?>
<feed xmlns="http://www.w3.org/2005/Atom">
    <id>/feeds/all.atom</id>
    <title>WeWe-RSS All</title>
    <updated>2025-05-22T17:16:23.000Z</updated>
    <generator>WeWe-RSS</generator>
    <author>
        <name>WeWe-RSS All</name>
    </author>
    <link rel="alternate" href="/feeds/all.atom"/>
    <subtitle>WeWe-RSS 全部文章</subtitle>
    <logo>https://r2-assets.111965.xyz/wewe-rss.png</logo>
    <icon>https://r2-assets.111965.xyz/wewe-rss.png</icon>
    
INFO:__main__:RSS源标题: WeWe-RSS All
INFO:__main__:RSS源条目数量: 30
INFO:__main__:成功解析文章: 2024年郑州人均可支配收入公布，附郑州近期消费券汇总→
INFO:__main__:成功解析文章: 电子结婚证怎么领取？附郑州结婚登记指南→
INFO:__main__:成功解析文章: 儿童免费乘高铁需要提前申请吗？攻略看这里→
INFO:__main__:成功解析文章: 全国227个地区实现医保跨省共济！跨省转账操作流程→
INFO:__main__:成功解析文章: 好消息！郑州新增两所公办高中！
INFO:__main__:成功解析文章: 在郑州可以只交养老保险或者只交医疗保险吗？
INFO:__main__:成功解析文章: 2025郑州幼儿园秋季招生信息汇总（第二期）
INFO:__main__:成功解析文章: 中国国际大学生创新大赛（2025）正在报名中！全国大学生创业服务网报名入口及赛程安排→
INFO:__main__:成功解析文章: 郑宝问答 | 郑州人才公寓能租多久？
INFO:__main__:成功解析文章: 39℃→23℃！降温+暴雨+大风将至！郑州终于要下雨了！
INFO:__main__:成功解析文章: 审批通过！郑州新一批演唱会来啦！附郑州近期演唱会汇总→
INFO:__main__:成功解析文章: 郑宝问答 | 郑州公租房申请需要社保吗？
INFO:__main__:成功解析文章: 大部分免费！郑州及周边20个避暑好去处→
INFO:__main__:成功解析文章: 郑州商转公贷款签约银行一览表！
INFO:__main__:成功解析文章: 河南油价再下调！附郑州近期加油优惠→
INFO:__main__:成功解析文章: 最低210元！郑州6月特价机票来了！部分比高铁还划算！
INFO:__main__:成功解析文章: 直升41℃！郑州发布高温红色预警！高温天气防暑攻略→
INFO:__main__:成功解析文章: 郑宝问答 | 辞职后职工医保转居民医保，个人账户余额能退吗？
INFO:__main__:成功解析文章: 2025社工考试今起打印准考证！中国人事考试网准考证打印入口→
INFO:__main__:成功解析文章: 可一码通行！郑州、洛阳地铁乘车码互通！
INFO:__main__:成功解析文章: 洁身自好＋坚持僧伽吒经，生活工作全方位提升！
INFO:__main__:成功解析文章: 只有1%的人活在五维世界！
INFO:__main__:成功解析文章: 端午从郑州坐高铁到香港，需要港澳通行证吗？
INFO:__main__:成功解析文章: 郑宝问答 |  换了新社保卡，之前卡里的钱还能用吗？
INFO:__main__:成功解析文章: 2025郑州补贴申请指南！很多非郑户籍也可以申请！
INFO:__main__:成功解析文章: 抄写《僧伽吒经》戒邪淫
INFO:__main__:成功解析文章: 人生最好的投资：选对妻子
INFO:__main__:成功解析文章: 免费开放！郑州5.18国际博物馆日活动汇总！
INFO:__main__:成功解析文章: 河南将新增一条高铁！新增3座火车站！最新建设进展→
INFO:__main__:成功解析文章: 上车即发 + 招手即停！郑州环线公交本周末开跑！
INFO:__main__:从RSS源 https://rss.binbino.cn:88/feeds/all.atom 解析到 30 篇文章
INFO:__main__:解析到 30 篇文章
INFO:__main__:文章 2024年郑州人均可支配收入公布，附郑州近期消费券汇总→ 已存在，跳过
INFO:__main__:文章 电子结婚证怎么领取？附郑州结婚登记指南→ 已存在，跳过
INFO:__main__:文章 儿童免费乘高铁需要提前申请吗？攻略看这里→ 已存在，跳过
INFO:__main__:文章 全国227个地区实现医保跨省共济！跨省转账操作流程→ 已存在，跳过
INFO:__main__:文章 好消息！郑州新增两所公办高中！ 已存在，跳过
INFO:__main__:文章 在郑州可以只交养老保险或者只交医疗保险吗？ 已存在，跳过
INFO:__main__:文章 2025郑州幼儿园秋季招生信息汇总（第二期） 已存在，跳过
INFO:__main__:文章 中国国际大学生创新大赛（2025）正在报名中！全国大学生创业服务网报名入口及赛程安排→ 已存在，跳过
INFO:__main__:文章 郑宝问答 | 郑州人才公寓能租多久？ 已存在，跳过
INFO:__main__:文章 39℃→23℃！降温+暴雨+大风将至！郑州终于要下雨了！ 已存在，跳过
INFO:__main__:文章 审批通过！郑州新一批演唱会来啦！附郑州近期演唱会汇总→ 已存在，跳过
INFO:__main__:文章 郑宝问答 | 郑州公租房申请需要社保吗？ 已存在，跳过
INFO:__main__:文章 大部分免费！郑州及周边20个避暑好去处→ 已存在，跳过
INFO:__main__:文章 郑州商转公贷款签约银行一览表！ 已存在，跳过
INFO:__main__:文章 河南油价再下调！附郑州近期加油优惠→ 已存在，跳过
INFO:__main__:文章 最低210元！郑州6月特价机票来了！部分比高铁还划算！ 已存在，跳过
INFO:__main__:文章 直升41℃！郑州发布高温红色预警！高温天气防暑攻略→ 已存在，跳过
INFO:__main__:文章 郑宝问答 | 辞职后职工医保转居民医保，个人账户余额能退吗？ 已存在，跳过
INFO:__main__:文章 2025社工考试今起打印准考证！中国人事考试网准考证打印入口→ 已存在，跳过
INFO:__main__:文章 可一码通行！郑州、洛阳地铁乘车码互通！ 已存在，跳过
INFO:__main__:文章 洁身自好＋坚持僧伽吒经，生活工作全方位提升！ 已存在，跳过
INFO:__main__:文章 只有1%的人活在五维世界！ 已存在，跳过
INFO:__main__:文章 端午从郑州坐高铁到香港，需要港澳通行证吗？ 已存在，跳过
INFO:__main__:文章 郑宝问答 |  换了新社保卡，之前卡里的钱还能用吗？ 已存在，跳过
INFO:__main__:文章 2025郑州补贴申请指南！很多非郑户籍也可以申请！ 已存在，跳过
INFO:__main__:文章 抄写《僧伽吒经》戒邪淫 已存在，跳过
INFO:__main__:文章 人生最好的投资：选对妻子 已存在，跳过
INFO:__main__:文章 免费开放！郑州5.18国际博物馆日活动汇总！ 已存在，跳过
INFO:__main__:文章 河南将新增一条高铁！新增3座火车站！最新建设进展→ 已存在，跳过
INFO:__main__:文章 上车即发 + 招手即停！郑州环线公交本周末开跑！ 已存在，跳过
INFO:__main__:没有发现新文章
INFO:__main__:主函数执行结束
2025-05-23 01:16:23 - 添加更改到Git...
